<?xml version="1.0" encoding="UTF-8"?>
<!-- Generated by org.testng.reporters.JUnitXMLReporter -->
<testsuite ignored="0" hostname="LAPTOP-NCP214AU" failures="1" tests="10" name="Test" time="4.252" errors="0" timestamp="2026-06-16T22:55:17 IST">
  <testcase classname="com.tests.Logintest" name="logintest" time="2.713"/>
  <testcase classname="com.tests.PostMethod" name="post" time="0.995"/>
  <testcase classname="com.tests.Getmethod" name="getUserTest" time="0.076"/>
  <testcase classname="com.tests.UpdateMethod" name="updateMethod" time="0.104"/>
  <testcase classname="com.tests.PatchMethod" name="modifyMethod" time="0.12">
    <failure type="java.lang.AssertionError" message="expected [vithya] but found [Jagadeeswari]">
      <![CDATA[java.lang.AssertionError: expected [vithya] but found [Jagadeeswari]
at com.tests.PatchMethod.modifyMethod(PatchMethod.java:25)
at java.base/java.util.ArrayList.forEach(ArrayList.java:1596)
... Removed 31 stack frames]]>
    </failure>
  </testcase> <!-- modifyMethod -->
  <testcase classname="com.tests.HeadMethod" name="headMethod" time="0.03"/>
  <testcase classname="com.tests.OptionsMethod" name="optionsmethod" time="0.024"/>
  <testcase classname="com.tests.DeleteMethod" name="deletedata" time="0.035"/>
  <testcase classname="com.tests.Invalidlogin" name="invalidlogin" time="0.029"/>
  <testcase classname="com.tests.InvalidGetMethod" name="invalidGetTrainee" time="0.028"/>
</testsuite> <!-- Test -->
