<?xml version="1.0" encoding="UTF-8"?>
<!-- Generated by org.testng.reporters.JUnitXMLReporter -->
<testsuite ignored="0" hostname="LAPTOP-NCP214AU" failures="1" tests="10" name="Test" time="4.053" errors="0" timestamp="2026-06-18T15:40:39 IST">
  <testcase classname="com.tests.Logintest" name="logintest" time="2.541"/>
  <testcase classname="com.tests.PostMethod" name="post" time="0.793">
    <failure type="java.lang.AssertionError" message="expected [Kowsikaa] but found [Kowsikaaa]">
      <![CDATA[java.lang.AssertionError: expected [Kowsikaa] but found [Kowsikaaa]
at com.tests.PostMethod.post(PostMethod.java:26)
at java.base/java.util.ArrayList.forEach(ArrayList.java:1596)
... Removed 31 stack frames]]>
    </failure>
  </testcase> <!-- post -->
  <testcase classname="com.tests.Getmethod" name="getUserTest" time="0.078"/>
  <testcase classname="com.tests.UpdateMethod" name="updateMethod" time="0.095"/>
  <testcase classname="com.tests.PatchMethod" name="modifyMethod" time="0.168"/>
  <testcase classname="com.tests.HeadMethod" name="headMethod" time="0.028"/>
  <testcase classname="com.tests.OptionsMethod" name="optionsmethod" time="0.027"/>
  <testcase classname="com.tests.DeleteMethod" name="deletedata" time="0.036"/>
  <testcase classname="com.tests.Invalidlogin" name="invalidlogin" time="0.028"/>
  <testcase classname="com.tests.InvalidGetMethod" name="invalidGetTrainee" time="0.029"/>
</testsuite> <!-- Test -->
