<?xml version="1.0" encoding="UTF-8"?>
<testng-results ignored="0" total="1" passed="1" failed="0" skipped="0">
  <reporter-output>
  </reporter-output>
  <suite started-at="2026-06-17T06:59:32 IST" name="Default suite" finished-at="2026-06-17T06:59:34 IST" duration-ms="2171">
    <groups>
    </groups>
    <test started-at="2026-06-17T06:59:32 IST" name="Default test" finished-at="2026-06-17T06:59:34 IST" duration-ms="2171">
      <class name="com.tests.HeadMethod">
        <test-method signature="headMethod()[pri:0, instance:com.tests.HeadMethod@a1153bc]" started-at="2026-06-17T06:59:32 IST" name="headMethod" finished-at="2026-06-17T06:59:34 IST" duration-ms="2102" status="PASS">
          <reporter-output>
          </reporter-output>
        </test-method> <!-- headMethod -->
      </class> <!-- com.tests.HeadMethod -->
    </test> <!-- Default test -->
  </suite> <!-- Default suite -->
</testng-results>
